INFO:root:Starting snippets
INFO:root:Constructing parser
DEBUG:root:Constructing get subparser
DEBUG:root:Constructing put subparser
INFO:root:Reading list comprehension from python-notes.csv
DEBUG:root:Opening a file
DEBUG:root:Reading snippet from file
INFO:root:Starting snippets
INFO:root:Constructing parser
DEBUG:root:Constructing get subparser
DEBUG:root:Constructing put subparser
INFO:root:Reading spam from snippets.csv
DEBUG:root:Opening a file
DEBUG:root:Reading snippet from file
DEBUG:root:Read successful
INFO:root:Starting snippets
INFO:root:Constructing parser
DEBUG:root:Constructing get subparser
DEBUG:root:Constructing put subparser
INFO:root:Writing spam:eggs to python-notes.csv
DEBUG:root:Opening file
DEBUG:root:Writing snippet to file
DEBUG:root:Write successful
INFO:root:Starting snippets
INFO:root:Constructing parser
DEBUG:root:Constructing get subparser
DEBUG:root:Constructing put subparser
INFO:root:Reading list comprehension from python-notes.csv
DEBUG:root:Opening a file
DEBUG:root:Reading snippet from file
DEBUG:root:Read successful
INFO:root:Starting snippets
INFO:root:Constructing parser
DEBUG:root:Constructing get subparser
DEBUG:root:Constructing put subparser
INFO:root:Writing key:val to python-notes.csv
DEBUG:root:Opening file
DEBUG:root:Writing snippet to file
DEBUG:root:Write successful
INFO:root:Starting snippets
INFO:root:Constructing parser
DEBUG:root:Constructing get subparser
DEBUG:root:Constructing put subparser
INFO:root:Reading spam from snippets.csv
DEBUG:root:Opening a file
DEBUG:root:Reading snippet from file
DEBUG:root:Read successful
INFO:root:Starting snippets
INFO:root:Constructing parser
DEBUG:root:Constructing get subparser
DEBUG:root:Constructing put subparser
INFO:root:Reading spam from python-notes.csv
DEBUG:root:Opening a file
DEBUG:root:Reading snippet from file
INFO:root:Starting snippets
INFO:root:Constructing parser
DEBUG:root:Constructing get subparser
DEBUG:root:Constructing put subparser
INFO:root:Writing key:val to python-notes.csv
DEBUG:root:Opening file
DEBUG:root:Writing snippet to file
DEBUG:root:Write successful
INFO:root:Starting snippets
INFO:root:Constructing parser
DEBUG:root:Constructing get subparser
DEBUG:root:Constructing put subparser
INFO:root:Reading spam from snippets.csv
DEBUG:root:Opening a file
DEBUG:root:Reading snippet from file
DEBUG:root:Read successful
INFO:root:Starting snippets
INFO:root:Constructing parser
DEBUG:root:Constructing get subparser
DEBUG:root:Constructing put subparser
INFO:root:Reading spam from python-notes.csv
DEBUG:root:Opening a file
DEBUG:root:Reading snippet from file
INFO:root:Starting snippets
INFO:root:Constructing parser
DEBUG:root:Constructing get subparser
DEBUG:root:Constructing put subparser
INFO:root:Reading spam from python-notes.csv
DEBUG:root:Opening a file
DEBUG:root:Reading snippet from file
DEBUG:root:Read successful
INFO:root:Starting snippets
INFO:root:Constructing parser
DEBUG:root:Constructing get subparser
DEBUG:root:Constructing put subparser
INFO:root:Reading ham from python-notes.csv
DEBUG:root:Opening a file
DEBUG:root:Reading snippet from file
INFO:root:Starting snippets
INFO:root:Constructing parser
DEBUG:root:Constructing get subparser
DEBUG:root:Constructing put subparser
INFO:root:Starting snippets
INFO:root:Constructing parser
DEBUG:root:Constructing get subparser
DEBUG:root:Constructing put subparser
INFO:root:Starting snippets
INFO:root:Constructing parser
DEBUG:root:Constructing get subparser
DEBUG:root:Constructing put subparser
INFO:root:Reading list comprehension from python-notes.csv
DEBUG:root:Opening a file
DEBUG:root:Reading snippet from file
DEBUG:root:Read successful
INFO:root:Starting snippets
INFO:root:Constructing parser
DEBUG:root:Constructing get subparser
DEBUG:root:Constructing put subparser
INFO:root:Reading green eggs from python-notes.csv
DEBUG:root:Opening a file
DEBUG:root:Reading snippet from file
INFO:root:Starting snippets
INFO:root:Constructing parser
DEBUG:root:Constructing get subparser
DEBUG:root:Constructing put subparser
INFO:root:Reading key from python-notes.csv
DEBUG:root:Opening a file
DEBUG:root:Reading snippet from file
DEBUG:root:Read successful
INFO:root:Starting snippets
INFO:root:Constructing parser
DEBUG:root:Constructing get subparser
DEBUG:root:Constructing put subparser
INFO:root:Reading key from python-notes.csv
DEBUG:root:Opening a file
DEBUG:root:Reading snippet from file
DEBUG:root:line (list) = ['list comprehension', '[item for item in items]']
DEBUG:root:line (list) = ['spam', 'eggs']
DEBUG:root:line (list) = ['key', 'val']
DEBUG:root:Read successful
INFO:root:Starting snippets
INFO:root:Constructing parser
DEBUG:root:Constructing get subparser
DEBUG:root:Constructing put subparser
INFO:root:Starting snippets
INFO:root:Constructing parser
DEBUG:root:Constructing get subparser
DEBUG:root:Constructing put subparser
INFO:root:Reading key from python-notes.csv
DEBUG:root:Opening a file
DEBUG:root:Reading snippet from file
DEBUG:root:line (list) = ['list comprehension', '[item for item in items]']
DEBUG:root:line (list) = ['spam', 'eggs']
DEBUG:root:line (list) = ['key', 'val']
DEBUG:root:Read successful
INFO:root:Starting snippets
INFO:root:Constructing parser
DEBUG:root:Constructing get subparser
DEBUG:root:Constructing put subparser
INFO:root:Reading foo from python-notes.csv
DEBUG:root:Opening a file
DEBUG:root:Reading snippet from file
DEBUG:root:line (list) = ['list comprehension', '[item for item in items]']
DEBUG:root:line (list) = ['spam', 'eggs']
DEBUG:root:line (list) = ['key', 'val']
INFO:root:Starting snippets
INFO:root:Constructing parser
DEBUG:root:Constructing get subparser
DEBUG:root:Constructing put subparser
INFO:root:Reading foo from python-notes.csv
DEBUG:root:Opening a file
DEBUG:root:Reading snippet from file
DEBUG:root:line (list) = ['list comprehension', '[item for item in items]']
DEBUG:root:line (list) = ['spam', 'eggs']
DEBUG:root:line (list) = ['key', 'val']
INFO:root:Starting snippets
INFO:root:Constructing parser
DEBUG:root:Constructing get subparser
DEBUG:root:Constructing put subparser
INFO:root:Reading foo from python-notes.csv
DEBUG:root:Opening a file
DEBUG:root:Reading snippet from file
DEBUG:root:line (list) = ['list comprehension', '[item for item in items]']
DEBUG:root:line (list) = ['spam', 'eggs']
DEBUG:root:line (list) = ['key', 'val']
INFO:root:Starting snippets
INFO:root:Constructing parser
DEBUG:root:Constructing get subparser
DEBUG:root:Constructing put subparser
INFO:root:Reading foo from python-notes.csv
DEBUG:root:Opening a file
DEBUG:root:Reading snippet from file
DEBUG:root:line (list) = ['list comprehension', '[item for item in items]']
DEBUG:root:line (list) = ['spam', 'eggs']
DEBUG:root:line (list) = ['key', 'val']
